<?xml version="1.0" encoding="UTF-8"?>
<testsuite name="com.co.travelocity.web.runner.ReservaHotel" tests="0" skipped="0" failures="0" errors="0" timestamp="1970-01-01T00:00:00" hostname="QVT1MDEWIN12" time="0.0">
  <properties/>
  <system-out><![CDATA[
?[31mFailed scenarios:?[0m
?[31msrc/test/resources/feature/reservar_hotel.feature:12 ?[0m# Ana desea comprar reservar un hotel por medio del portal travelocity

1 Scenarios (?[31m1 failed?[0m)
3 Steps (?[31m1 failed?[0m, ?[36m1 skipped?[0m, ?[32m1 passed?[0m)
0m20,721s

org.openqa.selenium.ElementNotInteractableException: element not interactable
  (Session info: chrome=89.0.4389.90)
Build info: version: '3.141.59', revision: 'e82be7d358', time: '2018-11-14T08:17:03'
System info: host: 'QVT1MDEWIN12', ip: '192.168.1.21', os.name: 'Windows 10', os.arch: 'amd64', os.version: '10.0', java.version: '1.8.0_261'
Driver info: org.openqa.selenium.chrome.ChromeDriver
Capabilities {acceptInsecureCerts: false, browserName: chrome, browserVersion: 89.0.4389.90, chrome: {chromedriverVersion: 89.0.4389.23 (61b08ee2c5002..., userDataDir: C:\Users\QV-3979\AppData\Lo...}, goog:chromeOptions: {debuggerAddress: localhost:54626}, javascriptEnabled: true, networkConnectionEnabled: false, pageLoadStrategy: normal, platform: WINDOWS, platformName: WINDOWS, proxy: Proxy(), setWindowRect: true, strictFileInteractability: false, timeouts: {implicit: 0, pageLoad: 300000, script: 30000}, unhandledPromptBehavior: dismiss and notify, webauthn:extension:largeBlob: true, webauthn:virtualAuthenticators: true}
Session ID: 0c600dee8692939a95801944aaaae324
	at sun.reflect.NativeConstructorAccessorImpl.newInstance0(Native Method)
	at sun.reflect.NativeConstructorAccessorImpl.newInstance(NativeConstructorAccessorImpl.java:62)
	at sun.reflect.DelegatingConstructorAccessorImpl.newInstance(DelegatingConstructorAccessorImpl.java:45)
	at java.lang.reflect.Constructor.newInstance(Constructor.java:423)
	at org.openqa.selenium.remote.http.W3CHttpResponseCodec.createException(W3CHttpResponseCodec.java:187)
	at org.openqa.selenium.remote.http.W3CHttpResponseCodec.decode(W3CHttpResponseCodec.java:122)
	at org.openqa.selenium.remote.http.W3CHttpResponseCodec.decode(W3CHttpResponseCodec.java:49)
	at org.openqa.selenium.remote.HttpCommandExecutor.execute(HttpCommandExecutor.java:158)
	at org.openqa.selenium.remote.service.DriverCommandExecutor.execute(DriverCommandExecutor.java:83)
	at org.openqa.selenium.remote.RemoteWebDriver.execute(RemoteWebDriver.java:552)
	at org.openqa.selenium.remote.RemoteWebElement.execute(RemoteWebElement.java:285)
	at org.openqa.selenium.remote.RemoteWebElement.click(RemoteWebElement.java:84)
	at net.serenitybdd.core.pages.WebElementFacadeImpl.click(WebElementFacadeImpl.java:1227)
	at net.serenitybdd.screenplay.actions.ClickOnTarget.performAs(ClickOnTarget.java:13)
	at net.serenitybdd.screenplay.actions.ClickOnTarget$$EnhancerByCGLIB$$e3f2ec6d.CGLIB$performAs$0(<generated>)
	at net.serenitybdd.screenplay.actions.ClickOnTarget$$EnhancerByCGLIB$$e3f2ec6d$$FastClassByCGLIB$$eb009f51.invoke(<generated>)
	at net.sf.cglib.proxy.MethodProxy.invokeSuper(MethodProxy.java:228)
	at net.thucydides.core.steps.StepInterceptor.invokeMethod(StepInterceptor.java:461)
	at net.thucydides.core.steps.StepInterceptor.executeTestStepMethod(StepInterceptor.java:446)
	at net.thucydides.core.steps.StepInterceptor.runTestStep(StepInterceptor.java:421)
	at net.thucydides.core.steps.StepInterceptor.runOrSkipMethod(StepInterceptor.java:176)
	at net.thucydides.core.steps.StepInterceptor.testStepResult(StepInterceptor.java:163)
	at net.thucydides.core.steps.StepInterceptor.intercept(StepInterceptor.java:69)
	at net.serenitybdd.screenplay.actions.ClickOnTarget$$EnhancerByCGLIB$$e3f2ec6d.performAs(<generated>)
	at net.serenitybdd.screenplay.Actor.performTask(Actor.java:233)
	at net.serenitybdd.screenplay.Actor.perform(Actor.java:214)
	at net.serenitybdd.screenplay.Actor.attemptsTo(Actor.java:171)
	at com.co.travelocity.web.task.ReservarHotel.performAs(ReservarHotel.java:23)
	at com.co.travelocity.web.task.ReservarHotel$$EnhancerByCGLIB$$22e5e6de.CGLIB$performAs$0(<generated>)
	at com.co.travelocity.web.task.ReservarHotel$$EnhancerByCGLIB$$22e5e6de$$FastClassByCGLIB$$31a234fa.invoke(<generated>)
	at net.sf.cglib.proxy.MethodProxy.invokeSuper(MethodProxy.java:228)
	at net.thucydides.core.steps.StepInterceptor.invokeMethod(StepInterceptor.java:461)
	at net.thucydides.core.steps.StepInterceptor.executeTestStepMethod(StepInterceptor.java:446)
	at net.thucydides.core.steps.StepInterceptor.runTestStep(StepInterceptor.java:421)
	at net.thucydides.core.steps.StepInterceptor.runOrSkipMethod(StepInterceptor.java:176)
	at net.thucydides.core.steps.StepInterceptor.testStepResult(StepInterceptor.java:163)
	at net.thucydides.core.steps.StepInterceptor.intercept(StepInterceptor.java:69)
	at com.co.travelocity.web.task.ReservarHotel$$EnhancerByCGLIB$$22e5e6de.performAs(<generated>)
	at net.serenitybdd.screenplay.Actor.performTask(Actor.java:233)
	at net.serenitybdd.screenplay.Actor.perform(Actor.java:214)
	at net.serenitybdd.screenplay.Actor.attemptsTo(Actor.java:171)
	at com.co.travelocity.web.stepdefinition.ReservaHotel.visualizaElRionegroProcedeARealizarElCheckInYCheckOut(ReservaHotel.java:32)
	at ✽.visualiza el Rionegro procede a realizar el check-in y check-out(src/test/resources/feature/reservar_hotel.feature:7)

]]></system-out>
  <system-err><![CDATA[[Test worker] INFO net.thucydides.core.steps.ConsoleLoggingListener - ?[96m

-------------------------------------------------------------------------------------
     _______. _______ .______       _______ .__   __.  __  .___________.____    ____ 
    /       ||   ____||   _  \     |   ____||  \ |  | |  | |           |\   \  /   / 
   |   (----`|  |__   |  |_)  |    |  |__   |   \|  | |  | `---|  |----` \   \/   /  
    \   \    |   __|  |      /     |   __|  |  . `  | |  |     |  |       \_    _/   
.----)   |   |  |____ |  |\  \----.|  |____ |  |\   | |  |     |  |         |  |     
|_______/    |_______|| _| `._____||_______||__| \__| |__|     |__|         |__|    
                                                                                     
 News and tutorials at http://www.serenity-bdd.info                                  
 Documentation at https://wakaleo.gitbooks.io/the-serenity-book/content/             
 Join the Serenity Community on Rocket Chat at https://serenity-bdd.rocket.chat      
 Serenity BDD Support and Training at http://serenity-bdd.info/#/trainingandsupport  
 Learn Serenity BDD online at http://serenity-dojo.com                               
-------------------------------------------------------------------------------------
?[0m
[Test worker] INFO net.thucydides.core.steps.ConsoleLoggingListener - Test Suite Started: Reservar hotel por medio del portal travelocity
[Test worker] INFO net.thucydides.core.steps.ConsoleLoggingListener - 
 _____ _____ ____ _____   ____ _____  _    ____ _____ _____ ____  
|_   _| ____/ ___|_   _| / ___|_   _|/ \  |  _ \_   _| ____|  _ \ 
  | | |  _| \___ \ | |   \___ \ | | / _ \ | |_) || | |  _| | | | |
  | | | |___ ___) || |    ___) || |/ ___ \|  _ < | | | |___| |_| |
  |_| |_____|____/ |_|   |____/ |_/_/   \_\_| \_\|_| |_____|____/ 
                                                                  

TEST STARTED: Ana desea comprar reservar un hotel por medio del portal travelocity
-------------------------------------------------------------------(reservar-hotel-por-medio-del-portal-travelocity;ana-desea-comprar-reservar-un-hotel-por-medio-del-portal-travelocity)
[Test worker] INFO net.thucydides.core.steps.ConsoleLoggingListener - STARTING STEP Example: {hotel=Rionegro}
]]></system-err>
</testsuite>
